Using pre-set license
Built from '2020.3/china_unity/release' branch; Version is '2020.3.7f1c1 (98d1c84f5ffb) revision 10015176'; Using compiler version '192528614'; Build Type 'Release'
OS: 'Windows 10 Home China; OS build 19042.1237; Version 2009; 64bit' Language: 'zh' Physical Memory: 16261 MB
BatchMode: 1, IsHumanControllingUs: 0, StartBugReporterOnCrash: 0, Is64bit: 1, IsPro: 0

 COMMAND LINE ARGUMENTS:
C:\Program Files\Unity\Hub\Editor\2020.3.7f1c1\Editor\Unity.exe
-adb2
-batchMode
-noUpm
-name
AssetImportWorker0
-projectPath
D:/forlearning/UnityProject/TheMessage/TheMessageClient
-logFile
Logs/AssetImportWorker0.log
-srvPort
1297
Successfully changed project path to: D:/forlearning/UnityProject/TheMessage/TheMessageClient
D:/forlearning/UnityProject/TheMessage/TheMessageClient
Using Asset Import Pipeline V2.
Refreshing native plugins compatible for Editor in 35.06 ms, found 1 plugins.
Preloading 0 native plugins for Editor in 0.00 ms.
Initialize engine version: 2020.3.7f1c1 (98d1c84f5ffb)
[Subsystems] Discovering subsystems at path C:/Program Files/Unity/Hub/Editor/2020.3.7f1c1/Editor/Data/Resources/UnitySubsystems
[Subsystems] Discovering subsystems at path D:/forlearning/UnityProject/TheMessage/TheMessageClient/Assets
GfxDevice: creating device client; threaded=0
Direct3D:
    Version:  Direct3D 11.0 [level 11.1]
    Renderer: NVIDIA GeForce RTX 2060 (ID=0x1f11)
    Vendor:   
    VRAM:     5980 MB
    Driver:   27.21.14.6280
Initialize mono
Mono path[0] = 'C:/Program Files/Unity/Hub/Editor/2020.3.7f1c1/Editor/Data/Managed'
Mono path[1] = 'C:/Program Files/Unity/Hub/Editor/2020.3.7f1c1/Editor/Data/MonoBleedingEdge/lib/mono/unityjit'
Mono config path = 'C:/Program Files/Unity/Hub/Editor/2020.3.7f1c1/Editor/Data/MonoBleedingEdge/etc'
Using monoOptions --debugger-agent=transport=dt_socket,embedding=1,server=y,suspend=n,address=127.0.0.1:56996
Begin MonoManager ReloadAssembly
Registering precompiled unity dll's ...
Register platform support module: C:/Program Files/Unity/Hub/Editor/2020.3.7f1c1/Editor/Data/PlaybackEngines/WindowsStandaloneSupport/UnityEditor.WindowsStandalone.Extensions.dll
Registered in 0.002509 seconds.
Native extension for WindowsStandalone target not found
Refreshing native plugins compatible for Editor in 35.62 ms, found 1 plugins.
Preloading 0 native plugins for Editor in 0.00 ms.
Mono: successfully reloaded assembly
- Completed reload, in  1.072 seconds
Platform modules already initialized, skipping
Registering precompiled user dll's ...
Registered in 0.001881 seconds.
Begin MonoManager ReloadAssembly
Native extension for WindowsStandalone target not found
Refreshing native plugins compatible for Editor in 42.73 ms, found 1 plugins.
Preloading 0 native plugins for Editor in 0.00 ms.
Mono: successfully reloaded assembly
- Completed reload, in  0.990 seconds
Platform modules already initialized, skipping
========================================================================
Worker process is ready to serve import requests
Launched and connected shader compiler UnityShaderCompiler.exe after 0.06 seconds
Refreshing native plugins compatible for Editor in 0.69 ms, found 1 plugins.
Preloading 0 native plugins for Editor in 0.00 ms.
Unloading 1829 Unused Serialized files (Serialized files now loaded: 0)
System memory in use before: 88.3 MB.
System memory in use after: 88.4 MB.

Unloading 22 unused Assets to reduce memory usage. Loaded Objects now: 2275.
Total: 2.827500 ms (FindLiveObjects: 0.360700 ms CreateObjectMapping: 0.132500 ms MarkObjects: 2.258400 ms  DeleteObjects: 0.074200 ms)

========================================================================
Received Import Request.
  path: Assets/Resources/UiWindow/CardItem.prefab
  artifactKey: Guid(4cac607edb8182246b010136ca363b57) Importer(815301076,1909f56bfc062723c751e8b465ee728b)
Start importing Assets/Resources/UiWindow/CardItem.prefab using Guid(4cac607edb8182246b010136ca363b57) Importer(815301076,1909f56bfc062723c751e8b465ee728b)  -> (artifact id: 'd67c79ffac3a19461779f57c800a5ad8') in 0.065300 seconds
  Import took 0.068543 seconds .

========================================================================
Received Import Request.
  Time since last request: 0.000347 seconds.
  path: Assets/Resources/UiWindow/MessageWindow.prefab
  artifactKey: Guid(de83b226435ed3941973b1ad6e2a4a56) Importer(815301076,1909f56bfc062723c751e8b465ee728b)
Start importing Assets/Resources/UiWindow/MessageWindow.prefab using Guid(de83b226435ed3941973b1ad6e2a4a56) Importer(815301076,1909f56bfc062723c751e8b465ee728b)  -> (artifact id: '456e2d4522aff3454827cc799728eff8') in 0.027688 seconds
  Import took 0.031843 seconds .

========================================================================
Received Import Request.
  Time since last request: 0.000257 seconds.
  path: Assets/Resources/UiWindow/InfoWindow.prefab
  artifactKey: Guid(fcf830f970a70e646aa89aef8b1af7ef) Importer(815301076,1909f56bfc062723c751e8b465ee728b)
Start importing Assets/Resources/UiWindow/InfoWindow.prefab using Guid(fcf830f970a70e646aa89aef8b1af7ef) Importer(815301076,1909f56bfc062723c751e8b465ee728b)  -> (artifact id: '8ff8437299d9394fda359fe6213dfd4e') in 0.016018 seconds
  Import took 0.019060 seconds .

AssetImportWorkerClient::OnTransportError - code=2 error=End of file
